Build started 27.9.2010 9:50:56.
     1>Project "c:\Uziv\cen31465\Projects\CryptLibTest\DecEncWork\DecEncWork.vcxproj" on node 2 (build target(s)).
     1>InitializeBuildStatus:
         Creating "Debug\DecEncWork.unsuccessfulbuild" because "AlwaysCreate" was specified.
       ClCompile:
         C:\Program Files\Microsoft Visual Studio 10.0\VC\bin\CL.exe /c /ZI /nologo /W2 /WX- /Od /Oy- /D WIN32 /D _DEBUG /D _CONSOLE /Gm /RTC1 /MDd /GS /fp:precise /Zc:wchar_t /Zc:forScope /Fo"Debug\\" /Fd"Debug\vc100.pdb" /Gd /TC /analyze- /errorReport:prompt decenc3.c
         decenc3.c
       ManifestResourceCompile:
         All outputs are up-to-date.
       Link:
         C:\Program Files\Microsoft Visual Studio 10.0\VC\bin\link.exe /ERRORREPORT:PROMPT /OUT:"c:\uziv\cen31465\Projects\CryptLibTest\DecEncDLL\Debug\DecEncWork.exe" /INCREMENTAL /NOLOGO kernel32.lib user32.lib gdi32.lib winspool.lib comdlg32.lib advapi32.lib shell32.lib ole32.lib oleaut32.lib uuid.lib odbc32.lib odbccp32.lib /MANIFEST /ManifestFile:"Debug\DecEncWork.exe.intermediate.manifest" /MANIFESTUAC:"level='asInvoker' uiAccess='false'" /DEBUG /PDB:"c:\uziv\cen31465\Projects\CryptLibTest\DecEncDLL\Debug\DecEncWork.pdb" /SUBSYSTEM:CONSOLE /TLBID:1 /DYNAMICBASE /NXCOMPAT /IMPLIB:"c:\uziv\cen31465\Projects\CryptLibTest\DecEncDLL\Debug\DecEncWork.lib" /MACHINE:X86 Debug\DecEncWork.exe.embed.manifest.res
         Debug\decenc3.obj libeay32MDd.lib ssleay32MDd.lib 
       Manifest:
         C:\Program Files\Microsoft SDKs\Windows\v7.0A\bin\mt.exe /nologo /verbose /out:"Debug\DecEncWork.exe.embed.manifest" /manifest Debug\DecEncWork.exe.intermediate.manifest
         All outputs are up-to-date.
       LinkEmbedManifest:
         All outputs are up-to-date.
         DecEncWork.vcxproj -> c:\uziv\cen31465\Projects\CryptLibTest\DecEncDLL\Debug\DecEncWork.exe
       FinalizeBuildStatus:
         Deleting file "Debug\DecEncWork.unsuccessfulbuild".
         Touching "Debug\DecEncWork.lastbuildstate".
     1>Done Building Project "c:\Uziv\cen31465\Projects\CryptLibTest\DecEncWork\DecEncWork.vcxproj" (build target(s)).

Build succeeded.

Time Elapsed 00:00:00.40
