Build started 11.10.2010 9:35:25.
     1>Project "c:\Uziv\cen31465\Projects\CryptLibTest\DecEncWork\DecEncWork.vcxproj" on node 2 (rebuild target(s)).
     1>_PrepareForClean:
         Deleting file "Release\DecEncWork.lastbuildstate".
       InitializeBuildStatus:
         Creating "Release\DecEncWork.unsuccessfulbuild" because "AlwaysCreate" was specified.
       ClCompile:
         C:\Program Files\Microsoft Visual Studio 10.0\VC\bin\CL.exe /c /Zi /nologo /W2 /WX- /O2 /Oi /Oy- /GL /D WIN32 /D NDEBUG /D _CONSOLE /D _UNICODE /D UNICODE /Gm- /EHsc /MD /GS /Gy /fp:precise /Zc:wchar_t /Zc:forScope /Fo"Release\\" /Fd"Release\vc100.pdb" /Gd /TC /analyze- /errorReport:prompt decenc3.c
         decenc3.c
       Link:
         C:\Program Files\Microsoft Visual Studio 10.0\VC\bin\link.exe /ERRORREPORT:PROMPT /OUT:"c:\uziv\cen31465\Projects\CryptLibTest\DecEncDLL\Release\DecEncWork.exe" /INCREMENTAL:NO /NOLOGO kernel32.lib user32.lib gdi32.lib winspool.lib comdlg32.lib advapi32.lib shell32.lib ole32.lib oleaut32.lib uuid.lib odbc32.lib odbccp32.lib /MANIFEST /ManifestFile:"Release\DecEncWork.exe.intermediate.manifest" /MANIFESTUAC:"level='asInvoker' uiAccess='false'" /DEBUG /PDB:"c:\uziv\cen31465\Projects\CryptLibTest\DecEncDLL\Release\DecEncWork.pdb" /SUBSYSTEM:CONSOLE /OPT:REF /OPT:ICF /LTCG /TLBID:1 /DYNAMICBASE /NXCOMPAT /IMPLIB:"c:\uziv\cen31465\Projects\CryptLibTest\DecEncDLL\Release\DecEncWork.lib" /MACHINE:X86 Release\decenc3.obj libeay32MD.lib ssleay32MD.lib 
         Generating code
         Finished generating code
         DecEncWork.vcxproj -> c:\uziv\cen31465\Projects\CryptLibTest\DecEncDLL\Release\DecEncWork.exe
       Manifest:
         C:\Program Files\Microsoft SDKs\Windows\v7.0A\bin\mt.exe /nologo /verbose /outputresource:"c:\uziv\cen31465\Projects\CryptLibTest\DecEncDLL\Release\DecEncWork.exe;#1" /manifest Release\DecEncWork.exe.intermediate.manifest
       FinalizeBuildStatus:
         Deleting file "Release\DecEncWork.unsuccessfulbuild".
         Touching "Release\DecEncWork.lastbuildstate".
     1>Done Building Project "c:\Uziv\cen31465\Projects\CryptLibTest\DecEncWork\DecEncWork.vcxproj" (rebuild target(s)).

Build succeeded.

Time Elapsed 00:00:00.49
