Build started 30.8.2010 9:48:30.
     1>Project "c:\Uziv\cen31465\Projects\CryptLibTest\DecEncDLL\DecEncDLL.vcxproj" on node 2 (build target(s)).
     1>InitializeBuildStatus:
         Creating "Debug\DecEncDLL.unsuccessfulbuild" because "AlwaysCreate" was specified.
       ClCompile:
         All outputs are up-to-date.
         C:\Program Files\Microsoft Visual Studio 10.0\VC\bin\CL.exe /c /ZI /nologo /W3 /WX- /Od /Oy- /D WIN32 /D _DEBUG /D _WINDOWS /D _USRDLL /D DECENCDLL_EXPORTS /D _CRT_SECURE_NO_WARNINGS /D _WINDLL /D _UNICODE /D UNICODE /Gm /EHsc /RTC1 /MDd /GS /fp:precise /Zc:wchar_t /Zc:forScope /Yu"StdAfx.h" /Fp"Debug\DecEncDLL.pch" /Fo"Debug\\" /Fd"Debug\vc100.pdb" /Gd /TP /analyze- /errorReport:prompt DecEncDLL.cpp
         DecEncDLL.cpp
         All outputs are up-to-date.
       ResourceCompile:
         All outputs are up-to-date.
       ManifestResourceCompile:
         All outputs are up-to-date.
       Link:
         C:\Program Files\Microsoft Visual Studio 10.0\VC\bin\link.exe /ERRORREPORT:PROMPT /OUT:"c:\uziv\cen31465\Projects\CryptLibTest\DecEncDLL\Debug\DecEncDLL.dll" /INCREMENTAL /NOLOGO kernel32.lib user32.lib gdi32.lib winspool.lib comdlg32.lib advapi32.lib shell32.lib ole32.lib oleaut32.lib uuid.lib odbc32.lib odbccp32.lib /MANIFEST /ManifestFile:"Debug\DecEncDLL.dll.intermediate.manifest" /MANIFESTUAC:"level='asInvoker' uiAccess='false'" /DEBUG /PDB:"c:\uziv\cen31465\Projects\CryptLibTest\DecEncDLL\Debug\DecEncDLL.pdb" /SUBSYSTEM:WINDOWS /TLBID:1 /DYNAMICBASE /NXCOMPAT /IMPLIB:"c:\uziv\cen31465\Projects\CryptLibTest\DecEncDLL\Debug\DecEncDLL.lib" /MACHINE:X86 /DLL Debug\decenc.res
         Debug\DecEncDLL.dll.embed.manifest.res
         Debug\DecEncDLL.obj
         Debug\dllmain.obj
         Debug\stdafx.obj libeay32MTd.lib ssleay32MTd.lib /DEF:".\decencdll.def" 
       Manifest:
         C:\Program Files\Microsoft SDKs\Windows\v7.0A\bin\mt.exe /nologo /verbose /out:"Debug\DecEncDLL.dll.embed.manifest" /manifest Debug\DecEncDLL.dll.intermediate.manifest
         All outputs are up-to-date.
       LinkEmbedManifest:
         All outputs are up-to-date.
         DecEncDLL.vcxproj -> c:\uziv\cen31465\Projects\CryptLibTest\DecEncDLL\Debug\DecEncDLL.dll
       FinalizeBuildStatus:
         Deleting file "Debug\DecEncDLL.unsuccessfulbuild".
         Touching "Debug\DecEncDLL.lastbuildstate".
     1>Done Building Project "c:\Uziv\cen31465\Projects\CryptLibTest\DecEncDLL\DecEncDLL.vcxproj" (build target(s)).

Build succeeded.

Time Elapsed 00:00:00.49
