c:\Uziv\cen31465\Projects\CryptLibTest\DecEncDLL\Debug\cl.command.1.tlog
c:\Uziv\cen31465\Projects\CryptLibTest\DecEncDLL\Debug\CL.read.1.tlog
c:\Uziv\cen31465\Projects\CryptLibTest\DecEncDLL\Debug\CL.write.1.tlog
C:\UZIV\CEN31465\PROJECTS\CRYPTLIBTEST\DECENCDLL\DEBUG\DECENC.RES
c:\uziv\cen31465\Projects\CryptLibTest\DecEncDLL\Debug\DecEncDLL.dll
C:\UZIV\CEN31465\PROJECTS\CRYPTLIBTEST\DECENCDLL\DEBUG\DECENCDLL.DLL.EMBED.MANIFEST
C:\UZIV\CEN31465\PROJECTS\CRYPTLIBTEST\DECENCDLL\DEBUG\DECENCDLL.DLL.EMBED.MANIFEST.RES
c:\Uziv\cen31465\Projects\CryptLibTest\DecEncDLL\Debug\DecEncDLL.dll.intermediate.manifest
c:\Uziv\cen31465\Projects\CryptLibTest\DecEncDLL\Debug\DecEncDLL.exp
c:\Uziv\cen31465\Projects\CryptLibTest\DecEncDLL\Debug\DecEncDLL.ilk
c:\uziv\cen31465\Projects\CryptLibTest\DecEncDLL\Debug\DecEncDLL.lib
C:\UZIV\CEN31465\PROJECTS\CRYPTLIBTEST\DECENCDLL\DEBUG\DECENCDLL.OBJ
c:\Uziv\cen31465\Projects\CryptLibTest\DecEncDLL\Debug\DecEncDLL.pdb
C:\UZIV\CEN31465\PROJECTS\CRYPTLIBTEST\DECENCDLL\DEBUG\DECENCDLL.PCH
c:\Uziv\cen31465\Projects\CryptLibTest\DecEncDLL\Debug\DecEncDLL.write.1.tlog
c:\Uziv\cen31465\Projects\CryptLibTest\DecEncDLL\Debug\DecEncDLL_manifest.rc
c:\Uziv\cen31465\Projects\CryptLibTest\DecEncDLL\Debug\DecEncWork.ilk
c:\Uziv\cen31465\Projects\CryptLibTest\DecEncDLL\Debug\DecEncWork.pdb
C:\UZIV\CEN31465\PROJECTS\CRYPTLIBTEST\DECENCDLL\DEBUG\DLLMAIN.OBJ
c:\Uziv\cen31465\Projects\CryptLibTest\DecEncDLL\Debug\link.2664.read.1.tlog
c:\Uziv\cen31465\Projects\CryptLibTest\DecEncDLL\Debug\link.2664.write.1.tlog
c:\Uziv\cen31465\Projects\CryptLibTest\DecEncDLL\Debug\link.2664-cvtres.read.1.tlog
c:\Uziv\cen31465\Projects\CryptLibTest\DecEncDLL\Debug\link.2664-cvtres.write.1.tlog
c:\Uziv\cen31465\Projects\CryptLibTest\DecEncDLL\Debug\link.command.1.tlog
c:\Uziv\cen31465\Projects\CryptLibTest\DecEncDLL\Debug\link.read.1.tlog
c:\Uziv\cen31465\Projects\CryptLibTest\DecEncDLL\Debug\link.write.1.tlog
c:\Uziv\cen31465\Projects\CryptLibTest\DecEncDLL\Debug\link-cvtres.read.1.tlog
c:\Uziv\cen31465\Projects\CryptLibTest\DecEncDLL\Debug\link-cvtres.write.1.tlog
c:\Uziv\cen31465\Projects\CryptLibTest\DecEncDLL\Debug\mt.command.1.tlog
c:\Uziv\cen31465\Projects\CryptLibTest\DecEncDLL\Debug\mt.read.1.tlog
c:\Uziv\cen31465\Projects\CryptLibTest\DecEncDLL\Debug\mt.write.1.tlog
c:\Uziv\cen31465\Projects\CryptLibTest\DecEncDLL\Debug\rc.command.1.tlog
c:\Uziv\cen31465\Projects\CryptLibTest\DecEncDLL\Debug\rc.read.1.tlog
c:\Uziv\cen31465\Projects\CryptLibTest\DecEncDLL\Debug\rc.write.1.tlog
C:\UZIV\CEN31465\PROJECTS\CRYPTLIBTEST\DECENCDLL\DEBUG\STDAFX.OBJ
c:\Uziv\cen31465\Projects\CryptLibTest\DecEncDLL\Debug\vc100.idb
C:\UZIV\CEN31465\PROJECTS\CRYPTLIBTEST\DECENCDLL\DEBUG\VC100.PDB
