Build started 6.10.2010 12:14:00.
     1>Project "c:\Uziv\cen31465\Projects\CryptLibTest\DecEncDLL\DecEncDLL.vcxproj" on node 2 (build target(s)).
     1>InitializeBuildStatus:
         Creating "Release\DecEncDLL.unsuccessfulbuild" because "AlwaysCreate" was specified.
       ClCompile:
         Deleting file "Release\DecEncDLL.pch".
         C:\Program Files\Microsoft Visual Studio 10.0\VC\bin\CL.exe /c /Zi /nologo /W3 /WX- /O2 /Oi /Oy- /GL /D WIN32 /D NDEBUG /D _WINDOWS /D _USRDLL /D DECENCDLL_EXPORTS /D _CRT_SECURE_NO_WARNINGS /D _WINDLL /D _UNICODE /D UNICODE /Gm- /EHsc /MD /GS /Gy /fp:precise /Zc:wchar_t /Zc:forScope /Yc"StdAfx.h" /Fp"Release\DecEncDLL.pch" /Fo"Release\\" /Fd"Release\vc100.pdb" /Gd /TP /analyze- /errorReport:prompt stdafx.cpp
         stdafx.cpp
         C:\Program Files\Microsoft Visual Studio 10.0\VC\bin\CL.exe /c /Zi /nologo /W3 /WX- /O2 /Oi /Oy- /GL /D WIN32 /D NDEBUG /D _WINDOWS /D _USRDLL /D DECENCDLL_EXPORTS /D _CRT_SECURE_NO_WARNINGS /D _WINDLL /D _UNICODE /D UNICODE /Gm- /EHsc /MD /GS /Gy /fp:precise /Zc:wchar_t /Zc:forScope /Yu"StdAfx.h" /Fp"Release\DecEncDLL.pch" /Fo"Release\\" /Fd"Release\vc100.pdb" /Gd /TP /analyze- /errorReport:prompt DecEncDLL.cpp
         DecEncDLL.cpp
         C:\Program Files\Microsoft Visual Studio 10.0\VC\bin\CL.exe /c /Zi /nologo /W3 /WX- /O2 /Oi /Oy- /GL /D WIN32 /D NDEBUG /D _WINDOWS /D _USRDLL /D DECENCDLL_EXPORTS /D _CRT_SECURE_NO_WARNINGS /D _WINDLL /D _UNICODE /D UNICODE /Gm- /EHsc /MD /GS /Gy /fp:precise /Zc:wchar_t /Zc:forScope /Fo"Release\\" /Fd"Release\vc100.pdb" /Gd /TP /analyze- /errorReport:prompt dllmain.cpp
         dllmain.cpp
       ResourceCompile:
         C:\Program Files\Microsoft SDKs\Windows\v7.0A\bin\rc.exe /D _UNICODE /D UNICODE /l"0x0409" /nologo /fo"Release\decenc.res" ..\CTest\decenc.rc 
       Link:
         C:\Program Files\Microsoft Visual Studio 10.0\VC\bin\link.exe /ERRORREPORT:PROMPT /OUT:"c:\uziv\cen31465\Projects\CryptLibTest\DecEncDLL\Release\DecEncDLL.dll" /INCREMENTAL:NO /NOLOGO kernel32.lib user32.lib gdi32.lib winspool.lib comdlg32.lib advapi32.lib shell32.lib ole32.lib oleaut32.lib uuid.lib odbc32.lib odbccp32.lib /MANIFEST /ManifestFile:"Release\DecEncDLL.dll.intermediate.manifest" /MANIFESTUAC:"level='asInvoker' uiAccess='false'" /DEBUG /PDB:"c:\uziv\cen31465\Projects\CryptLibTest\DecEncDLL\Release\DecEncDLL.pdb" /SUBSYSTEM:WINDOWS /OPT:REF /OPT:ICF /LTCG /TLBID:1 /DYNAMICBASE /NXCOMPAT /IMPLIB:"c:\uziv\cen31465\Projects\CryptLibTest\DecEncDLL\Release\DecEncDLL.lib" /MACHINE:X86 /DLL Release\decenc.res
         Release\DecEncDLL.obj
         Release\dllmain.obj
         Release\stdafx.obj libeay32MT.lib ssleay32MT.lib /DEF:".\decencdll.def" 
            Creating library c:\uziv\cen31465\Projects\CryptLibTest\DecEncDLL\Release\DecEncDLL.lib and object c:\uziv\cen31465\Projects\CryptLibTest\DecEncDLL\Release\DecEncDLL.exp
         Generating code
         Finished generating code
         DecEncDLL.vcxproj -> c:\uziv\cen31465\Projects\CryptLibTest\DecEncDLL\Release\DecEncDLL.dll
       Manifest:
         C:\Program Files\Microsoft SDKs\Windows\v7.0A\bin\mt.exe /nologo /verbose /outputresource:"c:\uziv\cen31465\Projects\CryptLibTest\DecEncDLL\Release\DecEncDLL.dll;#2" /manifest Release\DecEncDLL.dll.intermediate.manifest
       FinalizeBuildStatus:
         Deleting file "Release\DecEncDLL.unsuccessfulbuild".
         Touching "Release\DecEncDLL.lastbuildstate".
     1>Done Building Project "c:\Uziv\cen31465\Projects\CryptLibTest\DecEncDLL\DecEncDLL.vcxproj" (build target(s)).

Build succeeded.

Time Elapsed 00:00:02.85
